app/build/intermediates/manifest_merge_blame_file/debug/processDebugMainManifest/manifest-merger-blame-debug-report.txt
1<?xml version="1.0" encoding="utf-8"?>
2<manifest xmlns:android="http://schemas.android.com/apk/res/android"
3    package="com.nico.minidpc"
4    android:versionCode="1"
5    android:versionName="1.0" >
6
7    <uses-sdk
8        android:minSdkVersion="29"
9        android:targetSdkVersion="34" />
10
11    <application
11-->src\main\AndroidManifest.xml:4:5-28:19
12        android:allowBackup="false"
12-->src\main\AndroidManifest.xml:6:9-36
13        android:debuggable="true"
14        android:extractNativeLibs="false"
15        android:label="MinimalDPC" >
15-->src\main\AndroidManifest.xml:5:9-35
16
17        <!--
18             MainActivity has NO LAUNCHER intent filter on purpose:
19             the app does not appear in the app drawer.
20             To open it: adb shell am start -n com.nico.minidpc/.MainActivity
21        -->
22        <activity
22-->src\main\AndroidManifest.xml:11:9-13:39
23            android:name="com.nico.minidpc.MainActivity"
23-->src\main\AndroidManifest.xml:12:13-41
24            android:exported="true" />
24-->src\main\AndroidManifest.xml:13:13-36
25
26        <receiver
26-->src\main\AndroidManifest.xml:15:9-27:20
27            android:name="com.nico.minidpc.AdminReceiver"
27-->src\main\AndroidManifest.xml:16:13-42
28            android:exported="true"
28-->src\main\AndroidManifest.xml:19:13-36
29            android:label="MinimalDPC"
29-->src\main\AndroidManifest.xml:17:13-39
30            android:permission="android.permission.BIND_DEVICE_ADMIN" >
30-->src\main\AndroidManifest.xml:18:13-70
31            <meta-data
31-->src\main\AndroidManifest.xml:20:13-22:56
32                android:name="android.app.device_admin"
32-->src\main\AndroidManifest.xml:21:17-56
33                android:resource="@xml/device_admin" />
33-->src\main\AndroidManifest.xml:22:17-53
34
35            <intent-filter>
35-->src\main\AndroidManifest.xml:23:13-26:29
36                <action android:name="android.app.action.DEVICE_ADMIN_ENABLED" />
36-->src\main\AndroidManifest.xml:24:17-82
36-->src\main\AndroidManifest.xml:24:25-79
37                <action android:name="android.app.action.PROFILE_PROVISIONING_COMPLETE" />
37-->src\main\AndroidManifest.xml:25:17-91
37-->src\main\AndroidManifest.xml:25:25-88
38            </intent-filter>
39        </receiver>
40    </application>
41
42</manifest>